<?xml version="1.0" encoding="UTF-8"?>
<!-- Generated by org.testng.reporters.JUnitReportReporter -->
<testsuite skipped="0" hostname="LAPTOP-AKHP4F57" name="testCase.CreateOneProduct" tests="2" failures="0" timestamp="2022-08-23T20:41:43 CDT" time="2.214" errors="0">
  <testcase name="createOneProduct" time="1.849" classname="testCase.CreateOneProduct"/>
  <system-out/>
  <testcase name="readOneProduct" time="0.365" classname="testCase.CreateOneProduct"/>
  <system-out/>
</testsuite> <!-- testCase.CreateOneProduct -->
