<?xml version="1.0" encoding="UTF-8"?>
<!-- Generated by org.testng.reporters.JUnitReportReporter -->
<testsuite skipped="0" hostname="LAPTOP-AKHP4F57" name="testCase.ReadOneProduct" tests="1" failures="0" timestamp="2022-08-21T18:13:04 CDT" time="1.647" errors="0">
  <testcase name="readOneProduct" time="1.647" classname="testCase.ReadOneProduct"/>
  <system-out/>
</testsuite> <!-- testCase.ReadOneProduct -->
