<?xml version="1.0" encoding="UTF-8"?>
<!-- Generated by org.testng.reporters.JUnitReportReporter -->
<testsuite skipped="0" hostname="LAPTOP-AKHP4F57" name="testCase.CreateOneProduct$ReadAllProducts" tests="1" failures="0" timestamp="2022-08-23T20:41:43 CDT" time="0.734" errors="0">
  <testcase name="readAllProducts" time="0.734" classname="testCase.CreateOneProduct$ReadAllProducts"/>
  <system-out/>
</testsuite> <!-- testCase.CreateOneProduct$ReadAllProducts -->
