<?xml version="1.0" encoding="UTF-8"?>
<!-- Generated by org.testng.reporters.JUnitReportReporter -->
<testsuite skipped="0" hostname="LAPTOP-AKHP4F57" name="testCase.UpdateOneProduct" tests="1" failures="0" timestamp="2022-08-24T13:59:19 CDT" time="2.346" errors="0">
  <testcase name="createOneProduct" time="2.346" classname="testCase.UpdateOneProduct"/>
  <system-out/>
</testsuite> <!-- testCase.UpdateOneProduct -->
