<?xml version="1.0" encoding="UTF-8"?>
<!-- Generated by org.testng.reporters.JUnitReportReporter -->
<testsuite skipped="0" hostname="LAPTOP-AKHP4F57" name="testCase.ReadAllProducts" tests="1" failures="0" timestamp="2022-08-14T13:48:36 CDT" time="2.200" errors="0">
  <testcase name="readAllProducts" time="2.200" classname="testCase.ReadAllProducts"/>
  <system-out/>
</testsuite> <!-- testCase.ReadAllProducts -->
