<?xml version="1.0" encoding="UTF-8"?>
<!-- Generated by org.testng.reporters.JUnitReportReporter -->
<testsuite skipped="0" hostname="LAPTOP-AKHP4F57" name="testCase.DeleteOneProduct" tests="1" failures="0" timestamp="2022-08-24T15:12:38 CDT" time="1.939" errors="0">
  <testcase name="readOneProduct" time="1.939" classname="testCase.DeleteOneProduct"/>
  <system-out/>
</testsuite> <!-- testCase.DeleteOneProduct -->
