<?xml version="1.0" encoding="UTF-8"?>
<!-- Generated by org.testng.reporters.JUnitReportReporter -->
<testsuite skipped="0" hostname="LAPTOP-AKHP4F57" name="testCase.UpdateOneProduct$ReadAllProducts" tests="3" failures="0" timestamp="2022-08-24T13:59:19 CDT" time="1.615" errors="0">
  <testcase name="readAllProducts" time="0.807" classname="testCase.UpdateOneProduct$ReadAllProducts"/>
  <system-out/>
  <testcase name="updateOneProduct" time="0.383" classname="testCase.UpdateOneProduct$ReadAllProducts"/>
  <system-out/>
  <testcase name="readOneProduct" time="0.425" classname="testCase.UpdateOneProduct$ReadAllProducts"/>
  <system-out/>
</testsuite> <!-- testCase.UpdateOneProduct$ReadAllProducts -->
